29 2735 1227 7428 8338 8348 7916 9263 9075 9641 883 4406 3846 3216 5083 6423 1493 1566 4012 8234 7421 9094 7300 9008 6421 1658 8765 2277 9601 181
7 6689 7293 7585 9286 4629 1817 5653
6 3090 2324 892 2973 7662 2591
16 1209 5971 1674 6420 9002 5428 4021 4664 189 5394 7809 8891 1542 5024 8336 8838
31 6466 6662 1251 9045 5240 9949 4930 4384 1412 7197 1338 8444 6641 1911 7440 1921 8590 1382 2325 2892 6779 7708 4694 1432 3890 7970 3302 5560 2310 8226 7467
19 5018 1447 5710 7446 3114 9171 2653 1182 8220 5824 1048 3394 3476 2859 2205 3573 1682 8402 7204
6 9313 3333 2523 5090 656 4887
28 2519 1194 5282 2112 6703 6399 629 7513 8843 1960 8547 4747 276 2229 4100 1816 9389 9197 2801 5355 9390 7095 3923 5831 1204 7405 9719 6191
27 549 2296 6068 168 9634 4914 4555 9858 6587 8631 5221 1871 9994 8140 2332 6996 8264 4632 7327 4870 2688 9855 7852 591 8531 4999 8422
11 4525 9733 8967 1582 2909 7073 4275 6606 6715 7489 1293
30 5934 6529 8447 5829 830 354 7276 120 2270 7014 7918 5005 3 1296 537 2354 5255 9788 9122 7607 9746 2830 2080 9793 9369 4731 4315 5508 4803 2845
4 4679 3119 6669 2573
30 88 1883 1530 1200 8219 2937 8882 775 7679 2977 538 3748 5183 6763 2685 3598 3361 9261 1656 5707 6055 9343 4780 6770 885 5826 1133 6417 1295 1562
28 7109 8274 615 8614 4940 1324 5914 4944 3645 9630 4388 1389 4454 4360 1885 7449 1434 9616 7908 2027 2096 349 6019 2730 68 6603 5230 6919
19 2465 7455 1778 3292 5532 4092 7411 454 5984 1814 6760 8684 3899 9076 1172 525 4269 5753 9387
21 7957 7711 2143 7574 782 1529 17 6289 8811 7419 3178 4881 8845 2815 4427 8398 1552 3838 5666 805 5244
19 519 8965 6910 7529 9911 4582 94 1388 6231 2619 7519 4837 8919 5846 973 1091 7450 7568 1136
10 4309 6794 6786 9927 6644 2030 9196 3713 3346 4393
13 5970 9820 4084 8464 7174 2180 2171 3905 7301 3341 3749 6933 9637
26 5324 3049 1489 9144 6856 9457 3117 3451 2415 2174 8691 7167 3992 3689 1666 4745 1763 3996 855 7054 4364 1153 5047 5499 8375 6010
11 4839 3708 7926 8228 2808 2438 683 9408 7520 2740 5059
22 719 5352 8747 3083 164 4871 7633 5764 582 388 7966 738 1183 4950 3955 6347 2807 6207 2133 3349 9638 5390
31 606 7140 3024 6473 3566 9527 7856 8737 514 147 7078 4675 6451 9767 2580 3776 9237 9946 6667 727 8570 5518 9861 4598 4650 4945 3734 3665 9703 4918 2509
8 423 8227 3536 5687 3504 8762 9970 5149
32 1776 3655 6155 3073 856 9037 646 4503 9440 4828 5907 3127 4499 8136 2452 9136 8009 78 1649 8709 2102 2003 7851 4676 6637 9587 6209 2827 8611 6241 7215 4042
6 6031 211 881 8542 8953 1880
29 187 7186 3976 7086 267 7208 9033 5457 5116 8237 2835 9758 8400 9026 6953 1116 2712 7330 2381 3355 4333 7530 7079 5096 2683 9198 6782 2238 9915
31 6663 4877 9412 4875 4405 9118 1745 9731 6367 7271 8895 2959 8576 8476 4459 7598 5061 2012 6299 9093 5186 1440 5609 8714 9271 2545 3240 3641 4 1962 9829
27 1066 3546 2335 8434 3783 922 9262 9062 6962 7971 6064 1638 6833 5529 6262 2532 6175 6995 6564 5634 4771 3727 3934 1894 432 7241 3274
21 5335 3245 7117 533 6000 8173 9833 872 6684 681 7024 1575 7603 4192 5616 1366 4909 1137 2103 8012 2224
21 8175 2589 3176 9633 172 8194 8785 1859 4528 2302 3001 8206 937 4760 6944 573 3860 8098 7283 9690 3110
18 1560 7810 9495 9628 9071 9199 9186 1623 6443 3832 5224 5644 5162 8008 8454 4719 1865 1258
27 4758 8029 5466 7102 6340 8191 2673 3532 4270 1896 1248 8620 6808 3625 243 8976 8359 9588 4933 9040 1238 5469 4509 7052 2389 8538 8722
16 3817 9046 6304 9815 6498 8955 1676 4163 8644 6218 9659 5353 2341 1819 7819 9824
22 3580 19 6004 9487 9795 5291 8665 2753 5809 1480 8645 4014 1061 4465 1007 1141 8528 8865 6573 8002 980 86
6 6252 984 8915 4274 1239 4796
30 1273 6654 9401 4720 846 8530 4913 5100 5160 7794 1748 7267 7630 2596 7189 1989 4212 8383 6878 4917 848 2824 3800 5236 5812 9922 307 7151 6817 5370
25 7499 6189 6239 6409 5054 5656 9134 177 2275 6268 1944 202 3597 8244 1590 2093 6707 8170 8839 9580 2876 31 3134 9876 5443
7 1867 1414 513 6360 665 1557 5982
24 7965 8783 661 975 6984 6305 1349 9177 7169 934 4907 9268 7998 3924 6908 6171 26 3130 3525 4762 3769 9212 8388 7621
16 6822 3527 6168 839 1873 3879 5050 5238 2969 2565 2907 6519 1470 7672 3962 2430
30 2432 6502 5517 718 2967 832 8876 64 2667 8686 8288 3751 4135 9867 9348 7292 771 3142 3118 7038 2588 8522 6941 3151 8152 3698 6445 7307 8265 2114
29 7070 9166 2711 9926 3594 6101 6989 6716 9612 408 6378 5583 1045 7570 5233 4039 4122 4175 6371 9840 9350 7350 4570 2604 910 9217 406 3880 8480
11 1178 1949 3565 1693 146 5724 2921 843 6885 6444 4471
20 8890 5284 3242 1618 6555 5633 3517 1974 9088 6506 3613 9413 4812 4095 8712 5775 8925 966 9606 623
28 3055 2603 7224 2399 3666 1106 3169 4089 254 8830 4358 7502 4198 3141 2611 8297 359 8356 6109 8999 2692 7540 1095 1419 796 3975 8898 3781
22 4742 4873 6159 1904 1201 6023 8412 4872 9822 5302 8111 5492 5772 5131 5401 5257 2307 3132 8948 7374 4319 480
19 6002 6139 2230 2783 4520 6006 4289 8669 235 5980 3431 4972 9609 4203 504 8943 7290 7795 1892
23 8773 7940 6352 1967 9043 1501 1448 614 9896 4964 9683 5385 8752 1953 4161 4444 2195 2170 4458 6322 6314 9123 3064
10 8292 8489 9503 7876 5477 7232 7665 3904 6344 1855
19 672 5227 1697 5699 6742 5495 6313 9900 4838 9519 4998 5202 7138 4755 9250 2227 4354 4865 1510
29 7475 1838 4635 6942 9557 4659 6336 2527 7048 1330 865 8293 3308 4443 366 1132 1371 8496 9534 647 2943 3087 8880 6766 5239 8384 9669 2032 9770
10 8477 8149 4467 7534 4415 350 2462 6949 30 9530
19 5235 8630 7804 6154 5789 1753 1291 7216 9955 6505 3681 4473 5741 8633 1698 8267 3586 7404 8091
15 6277 567 9274 1518 9524 6886 6871 7745 8245 6548 3300 9331 5708 7142 3491
27 2720 696 8892 5120 5719 4652 85 5701 2543 2875 8638 5289 8027 8627 518 6678 6855 3659 1265 1385 3301 8702 1462 7983 5232 6514 2321
7 9409 477 873 6319 1322 2866 7992
30 2920 7435 2975 4686 2825 633 1256 3165 9566 121 1709 4074 774 9193 7619 385 7201 7584 3089 9531 3706 3183 6354 4610 4462 5322 3113 3741 4649 8957
19 4094 5218 6741 7580 3885 5601 2732 5713 4617 8018 6727 1282 6769 7560 9780 6583 5471 1207 8363
30 3629 1228 6053 4153 6503 4139 8742 9604 7066 1299 7894 6775 8105 7587 3449 7454 9447 5349 4684 2778 3927 5828 7233 3581 5845 9007 2858 1758 9317 3069
26 3607 666 8493 9132 7883 5879 2057 5486 9697 4899 6975 2175 5747 829 2396 9762 2226 2860 7056 3563 5057 5613 4911 1483 3612 44
25 677 7864 8548 4048 3750 3124 7532 81 5786 8926 5558 2295 4916 3440 1405 2500 7954 3886 9154 8825 4040 3012 343 1242 971
31 9679 1407 6455 284 8681 9751 1346 8300 7715 4031 8229 5635 7791 5191 8775 7090 9318 9170 7552 5761 2800 2849 2066 2101 2723 421 5109 5494 3591 5682 8717
24 1097 6485 3601 3066 3740 4615 704 2377 8984 2842 4776 5323 8904 1716 83 887 4626 5852 1964 8805 2522 8634 752 4818
15 5497 3147 5008 9981 3663 8546 262 8829 4239 5840 9489 3559 4416 9404 3984
16 9752 3918 9666 1908 4376 3038 5766 8695 7445 2948 8312 7381 4654 7842 2978 7581
24 6670 8932 874 7236 6903 7663 380 175 5792 9741 6253 1981 7341 4591 3277 4168 6675 3244 1941 7925 1034 6516 2624 2709
28 1757 3249 6875 1260 3398 8035 2304 1459 7659 2501 4489 7007 4487 5171 6382 1775 5989 3716 3385 5505 1467 6084 75 1380 6258 2821 5399 1805
15 5440 7687 3461 655 3680 2551 767 2556 4045 6757 4266 779 1603 3999 2758
14 9514 4984 3865 2717 2110 7562 7081 6238 5141 4564 1056 630 6545 4332
8 2571 1384 7768 9640 1729 5091 5891 8308
4 563 3430 7684 2486
17 6381 9090 4233 6547 7685 100 9737 5260 969 2234 3225 6687 4769 9507 9749 9525 8131
16 9003 3276 4112 1655 1792 6402 7191 1169 949 1067 6441 1374 8106 4129 2208 8674
9 3549 2297 9392 821 6591 1706 3656 6750 2840
30 4601 1170 8203 1830 4613 2178 3970 1864 1004 163 7924 8428 1810 8544 3009 9998 2768 2004 7168 3567 2199 9351 5 488 5688 5065 5876 2623 3107 638
16 7657 9405 3773 9105 4115 6652 4709 9044 4361 4678 7964 7888 5159 1976 1823 4277
7 2015 7097 2881 1453 9429 7256 2053
21 8708 5615 7792 199 5620 5371 6980 9438 917 53 2369 8689 4251 8778 5928 5467 7035 8174 2617 2251 8123
17 5860 2424 5189 7602 8192 2533 9398 2795 1659 420 3125 9467 7338 4116 9918 8443 7855
25 8758 9636 493 8653 4764 4862 7984 6379 979 7305 2498 5031 6540 9933 8916 7294 4210 4191 631 2259 3998 2450 8083 6768 8612
27 9847 1637 4575 6718 6771 6601 7477 3839 8257 1220 9074 1679 9474 8067 4805 3356 5098 2308 5321 2344 5842 2836 9371 6112 7943 59 8217
30 2883 658 5049 4207 8093 1046 1331 4756 4819 137 9784 5042 7646 3013 806 3599 7260 4960 9365 2638 2579 8269 9978 5209 1437 4633 2196 8411 8870 4662
10 9913 5954 9556 5777 330 4099 2505 6737 7316 6190
22 5445 1492 8370 4246 1386 9610 2771 6744 8819 2365 4997 2932 8315 5068 7470 3595 2188 8006 8221 6761 8716 3679
15 9976 5727 965 318 2651 6261 4034 8303 8572 706 746 3978 7611 7953 3931
20 4078 3005 7779 3181 4533 151 4690 4453 4845 6790 4176 4513 153 5905 4753 333 2193 8156 4563 948
35 8310 3409 6164 9586 3842 6969 5366 3770 2395 118 1589 9720 1302 2515 3174 67 9983 8025 1756 3808 2552 8844 154 5430 9582 45 8144 6837 9615 8320 2794 4451 811 1230 6405
18 6916 7028 4935 8536 7380 7092 5124 9346 1836 6568 3876 2873 7753 1064 6959 3662 2786 1558
11 4008 3294 6206 419 1272 8236 2852 2362 886 1376 9569
16 9888 6404 4194 4807 7884 8529 7642 8719 1274 6854 4573 8139 9451 2049 7820 1718
27 6263 190 9267 9696 1963 2981 4532 3974 833 8004 5537 1310 2837 9079 2263 3399 1743 4621 1446 4110 3485 2946 1044 289 3630 4817 4189
15 1305 3236 2957 498 4396 3054 3760 788 4631 6700 8100 9854 3115 9865 2814
20 6815 3540 3291 412 4806 5249 1714 1597 9774 3161 6363 3977 6860 4726 6986 9448 5325 2257 1082 5545
24 3307 1784 2511 4225 9512 1496 9647 1937 4433 4802 5340 1029 9941 9541 5950 1615 7623 9312 5867 8142 6895 7789 998 2243
14 303 6745 208 4101 4123 3315 1660 8617 9884 4832 3173 4660 4019 8824
10 4071 1512 4184 7243 8940 161 6213 8909 9377 5821
29 2316 2233 1030 2605 507 908 8160 4278 3714 9006 862 8289 9902 1926 2834 7815 9245 5078 1185 7845 5429 9145 401 165 3415 7001 4962 8941 3985
20 1335 9935 1588 3200 6764 7438 1023 8108 7076 1249 3920 8084 3226 792 2550 3405 747 5647 3620 8196
19 2917 2166 4164 3632 5303 376 8176 4300 8585 2972 8987 4329 5883 1680 2820 4577 1404 1731 2853
9 8731 7114 5480 362 2488 9253 1216 9099 7105
28 8878 502 5006 6550 2207 1263 9165 4477 230 6106 8918 6857 8903 6137 9863 5032 8512 8975 6792 2995 5316 6166 1074 6731 1472 8861 7527 7223
24 1138 7612 5890 3105 1755 2751 7250 7339 500 5097 9221 8818 6468 4797 148 451 2113 2158 7175 5797 7758 1191 1120 6533
16 9619 7108 6630 8079 3829 233 446 7480 2223 7378 4540 3224 5294 2595 6676 3286
17 7013 9231 2654 8051 9053 3711 8875 226 4567 2024 4943 4149 6310 3322 9782 9309 7157
8 2061 8557 7347 6904 5862 1163 5513 5127
30 5086 2738 7927 3411 9743 5453 7448 7643 4884 4866 1264 7866 6824 8745 1471 238 4316 5136 5496 7340 7084 6797 4108 1506 7218 1473 4883 8654 7938 2848
18 4058 9649 6756 6338 3972 8445 6643 2320 876 1193 9881 5201 2 7148 5278 4523 558 2620
17 4618 789 7314 6430 8795 529 7019 6593 6248 2246 1071 4856 4985 7403 8115 1298 7147
29 7929 8458 3989 1240 4028 8937 3775 1846 3203 5835 7573 6114 8721 8470 6083 8933 5052 9665 2752 1765 3515 5197 1526 9095 7565 8282 6266 295 7472
17 5300 8484 368 5382 28 6224 687 2863 5274 1927 5084 5749 831 9391 7087 2069 6917
19 1315 7156 200 1206 5679 5913 8431 7865 2437 441 1882 4306 9491 7767 2491 7524 2408 3014 7968
27 9707 1609 4910 1986 4602 4024 907 8378 7274 1947 2023 320 581 5217 7521 6938 3344 1895 9162 7544 4757 5599 5395 7537 2353 6559 8122
10 7429 817 530 9382 2245 241 6280 5374 5298 5903
20 7861 1605 277 3717 9871 4318 9546 9481 4328 1710 9370 3278 575 8906 5072 814 815 7500 426 835
20 4059 1323 608 9297 2639 8609 5952 353 8485 9584 6566 8125 1922 6306 9115 3871 7485 669 1599 2312
23 5192 8290 8786 3816 2235 6638 127 9458 9027 2035 5001 8491 9934 1840 5801 8755 2213 5117 6286 8584 291 2443 8000
15 5299 3197 9320 135 4411 9750 912 7317 3671 2822 8770 667 2905 7814 1898
31 6783 9402 4255 9353 9164 3057 2613 6784 3227 938 8109 8134 2151 7368 3893 6240 7626 7072 878 570 6328 8280 4480 7478 427 673 3327 5978 1454 1195 3562
11 7401 6150 3779 306 4811 8141 6358 3184 5788 9850 3153
24 4855 8024 5369 439 7668 986 6896 709 5899 2292 6909 9667 6437 5208 1308 800 405 9395 2148 1017 5706 4036 785 2951
31 7463 1438 4833 7000 1460 1884 9158 3952 6672 777 7920 5247 2938 947 7195 5733 6264 3523 577 5577 7371 7199 4579 3878 4463 1848 6872 7257 410 2902 5571
22 3167 7287 457 6012 4029 3818 952 9028 7516 9882 2547 3496 9270 1999 1125 4512 8381 5943 2700 2099 9885 8582
14 273 3257 1002 3685 9837 4470 8687 6043 894 1107 2918 9643 7439 9803
21 3444 8711 867 5045 8494 8800 8097 6581 7510 2269 9509 4023 2494 3423 6007 1403 2211 6993 5588 2755 5179
32 769 7993 3910 3875 9464 6648 896 6484 4449 2397 9734 2958 9785 1783 8291 1741 545 1262 3674 7238 3545 5795 1025 5327 5673 1231 4510 7725 4140 1931 5798 7441
15 3696 5858 9130 2128 2206 3421 6806 4106 6974 6830 5416 7932 5763 8064 8330
32 9305 6135 2626 8803 7434 4372 708 9539 1101 462 2043 523 1392 893 7004 1513 2284 214 6415 4370 6660 8729 5759 6906 2459 2647 3702 8452 6943 188 936 4241
30 9563 7198 1142 8285 9511 4544 6380 553 2809 7370 9324 8767 740 4279 4549 2154 5904 8567 5468 1707 7892 6666 8561 8096 3131 901 4671 3687 1722 5944
12 2247 5991 6274 6082 9849 3206 1935 221 7202 2070 6935 2361
21 4377 5387 7355 6066 3213 7474 6178 9989 4505 5594 4442 9877 860 1083 5750 3254 1696 8777 4303 1594 8519
27 6412 9406 5089 4920 4141 7847 6247 2291 8510 542 2467 1736 9366 9821 2137 2560 1237 1505 5638 7720 1936 269 4785 535 3080 9786 1939
20 713 3579 6804 69 6392 4645 7816 1476 2260 8533 3271 9082 5872 4518 3416 8361 3395 9740 8468 8905
28 2135 1113 9316 4830 2787 559 7344 8667 5567 8159 9167 4365 4060 4620 4000 7844 3283 4619 6100 8409 6256 3942 4324 5044 9013 8808 6494 2770
21 2949 3651 9627 3544 266 2741 4541 2240 3230 1085 9414 7644 3039 9552 7974 2326 1076 840 5817 9329 391
29 700 8302 1363 4826 8791 992 9276 2386 4227 6426 2248 9724 5519 2935 7009 2116 9470 6846 7832 7914 8052 9258 7675 7756 8683 6611 3797 6365 3883
18 8703 3358 1325 40 5805 6103 5784 5703 9772 2139 5269 6074 9591 9296 430 4145 1038 6492
16 117 4583 4196 3739 9100 8694 8827 286 9496 6905 6515 9600 4922 4311 9661 4268
18 3442 8736 8574 3050 5511 6048 4607 7134 74 9980 310 2131 1772 4580 3889 5408 6964 9334
18 7913 3475 2782 4656 1079 4605 7812 6331 6882 8901 6059 9103 1383 7939 7735 8169 4754 978
6 6695 9864 8088 8397 7304 142
14 6831 7891 9011 6425 7698 9497 5695 7315 3981 5619 6562 3534 7781 492
11 1543 7948 712 6464 5095 7402 3819 9759 4474 914 1704
28 6901 1406 9602 7867 9345 2927 1886 6589 461 8945 9859 2359 7904 9384 8958 4148 8776 4146 5142 985 9953 960 3644 2976 321 6323 4568 9766
14 6403 1977 3915 8554 3326 6089 8023 3609 9687 9894 5140 2367 964 9515
17 3156 5808 2642 7557 3583 5751 6270 4006 3297 613 5531 9259 7878 7311 1507 6193 5538
18 2384 1411 6801 8598 8457 5630 6691 5938 4783 1077 6725 5037 8467 9396 9227 616 7 2210
18 8518 3596 7406 6922 2916 2059 3784 403 4858 7903 6902 2874 7525 7392 1217 9879 6608 7025
28 5769 5213 8328 4285 8772 5135 6346 7555 9639 9229 6462 4543 4359 9548 9583 3452 2676 6945 33 3604 3766 3180 9494 3185 1602 3836 758 6458
25 9393 7889 1121 4482 1430 2984 494 7931 6865 3592 4770 670 7782 8048 1654 9501 9808 49 642 2301 5204 1400 6124 2764 8044
17 7040 4387 4661 6029 8085 9832 2434 3364 3675 2412 389 5825 2953 9439 762 8046 7133
28 3855 7020 3334 8868 4938 66 2930 3669 4147 6800 6140 3210 8307 2633 1538 4262 116 5000 1011 312 664 2701 8090 4424 4418 794 4741 8414
22 1515 9347 4624 1233 1685 225 7096 3418 8506 8373 1539 1834 8661 1320 6129 1572 5822 1080 9660 7310 5811 2007
20 3371 3311 9282 5955 2570 7253 5409 8272 2680 5959 1069 6839 2319 7972 8364 7586 2704 1619 9311 5398
30 1992 7398 7546 1994 1601 1845 9475 9846 2810 508 7691 6838 8326 1907 4368 9142 7790 2242 6309 9500 1164 2496 6037 5275 5431 3287 8482 9714 1318 9860
11 9325 3826 245 9349 174 8235 534 6992 3484 4925 4700
9 9675 8262 206 9485 476 6521 8461 9277 4779
19 6198 739 8832 4064 506 3493 6618 425 5076 3859 8026 8788 9148 5414 4308 5331 7219 2185 9960
25 7928 1803 2184 9018 1443 52 7221 6234 1429 7755 3070 7531 8550 7507 2950 6552 2582 2155 1849 7258 6796 9129 2337 6 6650
18 8670 6793 2109 3352 9553 9843 6267 6773 1782 9802 4261 7264 2728 2252 3892 9599 8543 8499
22 6807 4781 481 1326 8796 7840 2831 7941 7576 8798 6868 7610 1876 5675 5419 3455 3897 7447 6014 9791 5509 1545
15 4435 1372 5996 4011 9798 8132 5897 1793 784 9069 6934 5339 8980 7906 6291
26 8640 1773 9965 2518 6454 572 9242 7118 9812 2867 1692 9319 2383 561 4625 5166 1229 8734 2091 3235 9149 6017 9521 4061 3310 807
18 3869 3640 9813 9252 3330 5019 7886 1780 167 8423 6954 9898 6250 1837 9831 1740 3048 2993
27 9449 2031 2167 4990 5351 1109 4256 9962 8214 9157 2479 4777 5211 6617 4902 8922 4500 3187 7279 6841 3882 7416 7484 6881 4079 8278 1653
21 4307 8425 2681 601 5627 4854 6698 2045 7837 2054 7508 1787 9790 3753 7506 2583 2371 9555 5476 9206 452
33 3253 2942 6410 4228 4658 8188 5576 6081 711 2648 4689 7806 1800 8624 6605 686 5827 5925 3412 735 1373 63 4627 6107 1021 4723 3658 944 7335 9499 9517 1972 1055
27 375 8158 3368 2537 3616 475 5853 6013 4879 1391 8401 890 7120 9368 4055 2568 4038 3948 1073 3961 8532 4560 358 3209 9310 9905 3861
31 8329 5491 209 3199 3220 671 595 2797 3373 6746 7680 1123 4073 279 2956 2299 8294 6758 7550 3217 6778 2965 373 861 479 9622 4199 8724 702 6073 8949
3 474 7325 7678
14 5868 3990 9469 8816 3936 3911 5918 1356 4054 662 5435 8463 4305 4732
10 1105 1111 2997 8421 2470 7503 7187 6223 7857 1339
15 1040 4693 6200 7196 313 5684 6921 7453 3028 1327 4296 4425 5077 4271 9776
26 1005 3575 1524 2216 7710 6024 2385 9156 2220 4939 816 6820 434 6146 4647 8427 7107 5363 7828 5330 5669 5949 3126 9668 7375 4243
8 222 4208 9255 3108 3319 5674 4027 1452
21 9550 5359 849 6927 459 1415 4211 5514 2612 3075 5389 9498 8549 3508 7930 6531 3548 7526 2249 2593 8070
29 3555 7180 2401 1843 9450 1245 7135 1422 5123 9192 7296 3339 1468 8593 4947 8583 6891 2403 125 7890 2868 1063 6027 1893 1586 3158 3929 906 8350
13 1135 9579 4898 4504 4067 8501 6489 2987 4165 8276 5157 1150 1958
15 3578 7113 4853 2541 8753 5410 5787 5002 7776 5051 7123 9061 8607 2671 7714
13 5693 3148 5983 932 4118 4492 3703 1720 3762 5524 263 2659 7008
21 5424 6123 3362 5417 7750 808 5168 9880 6829 3917 1197 3337 4438 8885 2521 3010 9241 6364 5266 6465 8120
28 84 7320 4794 95 8989 6647 5426 2388 5021 4209 9300 3443 8127 836 4004 9181 2334 8318 8405 36 8365 9465 9427 13 108 8939 1549 2627
29 9140 6329 442 4088 2333 3732 9842 2406 4989 4236 5329 275 4002 5692 2861 3856 4903 3568 6928 7178 4850 1535 2763 1161 1490 8451 4983 6665 5894
30 4894 2641 3092 8521 1491 823 5088 9809 9272 458 4114 2281 319 9085 90 8883 6679 8283 1053 3538 6704 5313 4831 8165 3324 8124 5362 8061 6032 4292
27 920 2536 8573 1997 9620 6705 7636 9948 3247 584 852 5364 3661 3939 7551 3700 9017 678 4201 8399 1401 8639 5333 6499 1225 6136 8700
29 6706 1860 6208 9702 1910 9202 5866 5087 9652 1271 9106 9789 695 7462 6442 1130 4988 5738 6227 4464 9727 9745 7247 3106 3252 9461 3172 3994 8178
19 9799 1630 6951 989 9314 8854 9645 178 8610 7075 2186 5677 6828 8837 5896 8802 5937 8503 9025
19 7956 9463 1995 4107 9492 5036 1181 9952 5310 9701 9823 4111 5040 4204 2636 6312 3404 2414 5071
27 2559 109 2455 6128 7442 7209 8151 826 7769 3507 3877 9479 742 8813 8325 5595 9904 3096 7029 1703 6621 7969 8371 5591 1147 6518 5434
8 5717 7129 7638 7572 2982 2660 3848 6400
23 2695 1013 3396 6220 1863 7759 1613 2075 6850 6391 3145 9848 2433 7800 8608 7826 4589 265 6315 259 1636 8934 2529
23 961 4428 8462 933 3615 5433 9564 5405 6243 2766 3509 4924 6821 3222 6604 3511 3391 8473 6184 9959 2832 5178 6834
31 372 5743 6307 2440 4137 415 4344 8851 8266 4086 9141 4456 6642 2400 1946 2084 5258 3704 5614 3806 3810 6281 4556 8386 2725 1952 3280 6664 9773 1495 3723
31 7952 7329 7379 8973 560 2919 3524 7762 7822 9056 1104 2268 3201 1424 510 1824 5512 7461 7541 9211 7027 4382 4102 2575 4670 7349 3441 8322 6539 5551 4929
14 3654 3767 2693 1435 4961 6490 2149 5832 2851 6520 7985 234 6723 9916
32 768 8055 1869 802 3116 8379 6719 3434 4491 2048 9038 1368 2713 6116 8153 8763 3336 743 2358 5456 3497 5365 5461 4226 7959 8166 7469 2629 160 4813 6271 2564
20 24 5948 2147 9104 2686 657 7808 4441 7361 1348 1639 5268 6883 3968 9718 4389 8469 5947 3519 8047
17 4090 2079 5295 854 9180 4643 2640 2675 3228 8662 8017 918 7259 5715 1027 9642 7181
13 9084 5237 3354 6567 5593 2343 4072 5133 1980 1008 3874 8974 2445
21 2869 9473 3947 7870 2635 5799 3949 252 1455 2898 3862 3498 3231 736 6873 112 5780 3791 2691 8222 1254
18 8962 726 3317 5732 8995 4639 1511 3785 3429 5608 4426 7488 3824 1087 2130 9354 3914 8648
29 2356 6849 6192 780 1797 6512 853 7558 3901 193 5878 8366 5664 9225 5080 7635 3815 2872 654 1244 9529 1103 110 7437 1581 3853 795 2544 3618
28 4637 2538 697 448 4957 8615 7263 6359 3622 6156 897 5105 8534 5694 4569 1283 9653 6351 344 8068 3312 2469 9674 1517 4240 9210 2964 3619
30 4150 8020 9012 3602 2442 102 5043 1738 3465 2374 215 3845 8268 9321 7352 733 4801 8649 8250 6712 8060 7786 5427 4381 2499 3957 8455 4273 3903 8618
17 6115 9920 6296 9109 1634 7239 1725 9950 8182 3077 9908 9571 1668 361 3214 2590 6753
29 3988 699 4109 2425 6141 8112 4063 7456 4969 3754 1532 2179 6987 2607 6866 2390 285 6298 9899 496 3413 1058 1732 5762 3304 7228 7980 8201 5543
16 5885 6658 8902 951 1102 7535 1168 8981 2164 7145 8743 7205 5804 4138 5334 590
15 311 1421 4017 5553 6397 1279 5493 6015 3040 8211 4197 9004 2878 9811 2090
28 4379 9052 5214 9705 5012 2781 6639 9195 1700 7770 4159 3761 5305 3606 2125 1629 2279 7385 6755 6429 940 4380 4702 602 1148 9650 2487 3611
28 7399 9985 7373 1628 5422 1232 3290 105 6161 1393 3561 5527 6920 7262 1394 2197 4025 2646 7408 8732 6145 3683 555 6788 3965 8636 8275 4846
28 541 5358 2118 935 8059 3232 5557 7176 6094 9462 8646 2526 9322 8749 1596 9725 7137 8126 5111 4466 323 4367 9339 1928 8260 8087 9834 6434
26 7561 4260 9806 4404 7382 5267 5660 369 4113 1891 5155 3959 8725 4033 22 9456 6072 7765 5056 2855 1442 4339 8959 6295 5629 5760
25 4143 7230 1564 5816 2352 6216 4593 2011 6579 7915 7609 5910 9460 9442 1818 6325 6226 3407 6049 438 2656 5874 1694 4432 5311
28 568 9852 3068 5626 6356 5228 7041 444 9912 4677 1433 3752 9080 6810 3650 5103 9932 2666 5871 5869 6702 5657 9961 1663 2138 2073 4057 7235
16 4494 6199 5771 2056 7464 3635 5986 6588 781 299 4859 4488 4022 8606 587 1577
19 8950 8209 8224 6634 7994 1902 7010 6237 1912 7122 644 3019 1906 7426 7946 603 3558 4047 6997
23 6228 1024 9845 5347 6729 7386 3439 7466 4937 5864 4096 6488 4394 4190 859 5681 8673 4341 9386 9108 3720 2262 766
9 622 4706 4630 8823 5779 4007 4713 6544 6285
18 1833 4885 3510 6475 4245 751 8523 374 9133 8028 1715 2535 714 970 4547 363 6947 7773
23 6541 3608 9072 399 2884 1417 3660 2841 9490 5271 2484 9119 5128 8317 8986 4534 3189 3642 4991 2594 1301 7496 4383
31 6961 4546 5636 5686 8682 92 6132 3261 7515 6067 6674 2037 6926 3121 3079 7944 5655 3078 3553 520 1167 8912 7332 619 8619 4142 3369 6028 5264 3543 2677
34 29 2714 2198 9575 32 6182 8030 6971 6188 4800 5709 4314 6036 3593 3139 8692 2142 6142 242 6628 3195 4216 2120 4298 8092 2064 8756 316 2289 4350 8690 4531 8497 7058
24 1664 3758 2657 7874 3036 3082 8118 7988 8038 6681 2561 7788 7651 9739 6075 205 1036 2553 6388 6991 7391 4931 2019 7625
25 55 4414 2074 4666 6526 3366 7171 5951 4699 5033 8801 2796 5092 5658 684 1525 50 5966 6144 3764 3456 5121 7600 7476 1574
28 9523 9452 9559 2305 3026 8504 2745 930 4398 9264 6915 8186 4685 9421 6326 5259 2431 7960 257 5997 6394 7242 7050 2823 2773 4987 8884 70
28 9216 9128 1959 8991 8128 169 2119 1862 5014 4638 9611 8193 7384 2345 8492 2634 1464 9423 5590 571 8828 2201 1712 7170 5960 2847 6158 6717
18 9283 7210 1010 6069 7579 6967 4744 6460 1309 3782 6389 8872 5976 2062 8076 5975 2502 6288
19 4842 8459 7648 5712 3453 1215 9466 691 7697 5610 3691 6211 7935 4718 7298 8553 8430 5460 1134
32 2576 7471 5748 8133 5234 645 1152 1583 7457 599 6301 4515 8099 5958 9706 6205 7853 3707 5552 8442 3670 3521 7047 7030 1156 4928 2974 4134 9676 3627 7722 5296
22 4948 2512 4421 3375 2577 7785 300 1143 8478 9034 3634 1611 8441 4968 3954 8392 6011 4522 3500 7617 2200 9176
25 4346 6884 3188 4703 7686 6078 7595 5803 659 8820 3722 8911 8809 999 7497 576 3980 8295 4010 6844 1347 548 1614 6096 3380
28 1888 6110 5540 57 2731 9410 2857 9222 8505 1790 9574 3772 8807 6578 4810 8954 6847 9594 2621 1919 6355 2127 2287 1127 1909 3626 7057 6242
20 734 2357 1208 1416 2966 1444 5220 9208 968 201 6077 5326 4460 5625 4901 9323 9875 5718 5961 5175
28 3149 5875 3129 956 6575 3778 9070 5847 6416 9508 536 5243 4188 8621 9506 6483 7982 7299 5736 1933 4572 8270 3464 6635 1060 9700 3945 4622
27 7119 7704 1177 977 1835 871 4400 4623 6041 2645 819 793 4730 5851 7280 2485 2750 2165 8677 8658 1858 9614 6294 759 6461 7824 6507
30 4214 6740 5425 5957 7190 9209 6570 5994 3843 4117 929 7689 3556 543 924 6366 3672 866 5139 5195 974 5992 5963 2699 5200 8041 9856 2970 7577 8994
18 7862 5377 3193 8992 5597 6079 9964 5223 1351 5930 5319 7863 8216 7834 763 170 4790 9304
22 157 7512 7248 7085 1684 9138 5437 8500 5373 9333 863 5292 6940 7006 6528 7871 7012 8305 4187 1807 6427 3207
27 2986 2123 7372 5663 4291 5584 921 5844 1752 8148 1612 2042 2923 517 9748 1918 8704 4574 8964 3150 9434 8626 690 7702 2689 4823 8321
28 297 5113 2495 4202 5539 6244 7387 2095 4775 387 3765 3757 2614 9810 6102 4608 1657 4461 7942 8215 1334 5207 4611 6273 3035 3787 8508 1020
19 1978 3208 1970 2261 3420 6537 2706 6657 3499 130 6848 2722 8571 5342 60 3140 9781 5659 5412
27 3103 6493 7975 6413 6739 5069 1553 9928 8058 7843 6596 880 1075 4429 4407 7101 4152 4265 4680 6827 9973 9437 8352 8369 1354 447 1808
13 5341 1651 5554 3605 9179 7732 7282 6476 7103 9623 2191 9444 2528
17 2912 1874 2209 3370 6357 8688 6163 6932 4457 9480 4043 2936 503 5742 6795 1306 3950
14 3281 627 4848 6186 4297 422 8806 2790 6925 6751 7624 4248 5122 6527
19 5716 4959 730 9947 3542 7284 25 7063 3059 6759 8050 1825 4765 236 5544 1878 9794 1726 7183
20 6724 9996 1955 8146 381 6026 7342 5861 4397 1198 2601 7967 4701 5301 2631 3351 1266 3973 6225 5478
12 957 1593 3821 1399 6349 3902 1708 9878 4160 1277 7539 9476
30 445 7553 2566 5212 3537 5628 1494 9505 1259 9238 1012 3031 8212 6982 1275 2340 2793 8525 4816 4715 2387 7688 9713 8625 1641 5248 4977 8337 3812 5586
30 3693 7116 150 7554 1627 6480 578 5064 4734 4711 4851 3574 8524 1042 2991 2854 1761 9883 8387 3728 124 6936 2349 9332 5926 4267 443 1202 5225 6439
17 2020 2838 720 5711 9872 8298 2954 3469 9299 5559 7077 5219 7990 6384 925 2746 7111
6 8395 6457 2539 4733 152 7110
30 2008 6558 8440 9549 9190 2033 8190 2173 9817 1431 7091 8516 7217 6042 4312 3873 3004 5648 4609 227 8604 7571 6065 3898 9446 7739 5055 8558 8001 2300
23 8406 1984 3786 9254 9064 1281 772 97 8815 4651 9607 6682 693 7620 1554 6372 8985 7160 1739 7268 341 5705 3887
31 5598 902 9543 5182 3414 8367 9889 9265 294 3731 2373 9968 6447 5730 877 1727 703 7313 4740 9716 7616 3590 5196 4155 6233 5781 5283 9057 8082 3111 1377
7 3030 9137 7631 3614 589 5979 7713
30 3471 2788 3403 6021 8768 3802 91 8970 967 7493 6345 4566 4125 776 8793 5739 7868 4097 2427 3419 7559 9502 5459 5935 2372 3335 2922 9097 4729 5125
28 7141 8586 128 417 2250 3993 8116 674 6121 5933 3570 8460 732 3016 7094 5793 7945 3018 1916 1360 140 1398 5683 983 6448 7042 2865 4220
21 8102 8376 6765 9804 6034 9576 2355 4792 3648 9632 5998 9298 7266 8952 9230 173 2398 7797 9914 4554 8897
18 8840 8848 9078 9757 5783 6580 7746 1246 8199 7827 5823 1982 73 3941 7395 82 5432 3617
10 585 3951 6450 1186 6523 8306 5138 3505 7996 5836
18 268 3138 5307 5156 6584 5690 2115 1504 2315 8481 9939 72 5911 1690 6204 6469 6948 923
27 4495 8435 8198 6645 1365 7777 2394 1523 3258 1930 4472 2417 592 8599 7003 8248 6050 1822 2779 5776 8114 7951 3522 9568 818 6623 4891
28 1353 4511 248 6058 4409 531 5169 1458 847 5134 4046 5587 6858 5026 8833 2348 1770 8886 4468 7518 6236 1144 1379 2886 3238 8666 5547 6390
18 8342 2006 3541 5621 1175 2900 1441 2602 5526 7724 342 7490 7650 103 1342 6636 3088 5446
32 5406 6747 8309 4050 6438 3721 3102 4130 3646 4834 3314 8746 6134 9826 2931 1516 841 4234 1769 3392 7032 8600 7100 3820 8526 9909 1497 1809 3712 6177 3043 1929
14 5649 3468 8324 596 1369 4327 7830 1297 716 7566 6730 5308 1626 7641
5 7640 8739 2718 1744 4321
15 1528 5990 1267 3795 5678 3636 5082 7729 2525 1466 6571 6452 6655 2960 6517
27 583 2748 9385 1252 9538 2105 4958 1081 2558 1364 2052 4768 916 5102 8565 748 3823 8841 3472 351 7031 6302 9290 4683 2926 7011 2276
15 2941 2026 9030 4705 6446 5642 1537 1942 1016 4301 1129 651 8641 9971 5046
28 8204 8021 409 210 7492 9617 5838 4195 2290 1979 8760 3285 9143 6692 3269 305 8362 2757 3913 9892 5115 7841 8230 5813 2698 5931 3825 8850
15 3025 2436 364 7153 6174 9399 340 5791 2034 8971 7184 3020 8319 4445 757
25 1735 2899 1054 2896 1465 2217 2160 4356 9963 8296 8857 5556 9917 9278 4075 9049 4952 1043 6317 2046 6546 7606 8685 9977 7093
29 5304 4537 332 9657 2799 1733 5837 9101 2072 5099 463 5380 6181 3256 8873 9709 9269 5575 1499 3771 5053 6661 8751 7044 3248 3042 4310 5293 5665
13 4829 5815 4119 2368 3086 5190 5438 149 1479 6994 1157 144 3033
16 741 864 3603 9925 7291 7591 393 2283 5580 5767 1514 6246 1285 1691 1887 4861
25 5381 3196 2690 290 3047 4595 9159 8560 4347 9424 5569 7654 9015 1037 3516 8914 2294 9218 4864 1798 8866 7069 7751 7390 107
31 9979 6877 6202 8637 5107 7682 8761 7275 2264 3372 6386 8814 4688 3796 6436 5722 801 5921 2895 2447 2674 6776 1361 6890 471 6108 322 5752 3422 9827 5312
28 8559 6735 8784 7312 2041 1474 4371 8101 7498 4224 6406 4590 4290 6387 5810 9092 4351 2222 8015 3171 4946 1329 1683 2940 6212 5536 3922 1288
16 6321 8345 1541 7590 3331 1395 8966 2363 21 9048 9764 7723 8349 9993 2628 9673
15 3743 8699 8207 1580 2754 4070 7139 1606 331 1788 4272 6335 8888 5563 2134
17 9581 5818 9869 7226 5503 3477 8167 244 9516 7080 6120 6696 8705 6861 495 7741 3560
16 1269 5393 5025 7737 8042 2776 8597 9836 7569 3584 4634 7222 3135 7046 512 9868
18 6039 4965 4714 1531 4343 4357 4009 5320 7898 4419 264 4257 7154 1375 9294 302 2597 8013
21 8520 1090 4815 2497 6076 1721 4798 1568 5462 7793 37 1402 1702 5479 8741 6180 356 2719 2282 7771 1190
28 3457 5034 482 9769 2000 5287 9364 8407 2156 9513 2025 283 7062 7743 6561 8129 8465 4974 4254 6990 7185 5774 7427 8879 7487 2609 3588 6063
28 8728 842 4867 9680 3270 942 7730 4696 5702 2121 9844 5176 8764 8650 2364 3282 185 1457 2555 2493 5119 4576 6183 3179 7744 5884 371 2411
21 4687 2791 4717 7149 515 7599 1622 2894 3503 6632 5144 9203 5987 5521 4193 2475 3002 12 9753 9146 3097
17 3564 7575 4773 3506 3237 3099 5288 404 2980 7051 3023 2843 2492 9488 1662 3204 3378
27 580 6752 5205 119 2663 8403 9035 5193 7778 5632 857 194 5470 4739 6459 2405 904 3223 3943 9891 2136 4230 1764 8552 3576 6433 8311
32 6649 8104 5535 6710 8034 3194 9232 2652 3930 3432 8511 754 274 9330 1905 8360 2256 4681 3777 9029 9455 5946 7780 4375 5489 4728 5623 4180 4479 5939 8163 8535
20 61 4437 5887 7934 2464 1319 7071 9126 132 6592 6673 2637 5506 756 6958 2421 5697 5407 296 8232
16 4788 5572 6879 2769 3305 3353 1166 7125 4559 129 6693 9486 635 6976 532 8147
19 5161 7104 2780 5566 5662 4403 2076 4497 3133 4653 2630 6463 3837 9266 7112 3858 2267 176 1009
15 6456 1192 1670 345 6542 7400 6500 783 9168 8613 7978 9024 7358 1226 4186
3 8179 2736 7376
27 6952 9685 4836 7882 1509 9273 5962 1831 9054 5564 2715 1850 7802 9163 9704 2085 2785 3582 8668 653 5015 7835 8913 522 5855 7115 4374
10 7877 9246 4507 9954 5062 4697 3383 7059 722 7289
20 7799 400 825 3585 982 9923 9394 1620 7829 9482 8864 5039 2694 5929 3241 7807 9593 7721 5993 5573
28 489 945 41 1500 9819 7203 8938 9284 4249 9644 3323 7734 8960 8390 4789 470 4001 8045 4178 2616 5423 4181 6214 2819 3971 7766 431 9536
25 9207 1734 6003 950 4205 6762 8990 6283 1820 7422 1774 680 9337 1854 2911 8347 4889 3912 2336 62 9308 2481 3265 5637 2463
11 8184 9763 7483 7348 1661 4284 7295 5130 1801 7696 7192
29 8420 4648 4502 7567 3051 8353 8804 9234 6098 5451 3673 4167 5909 694 1328 3437 1154 8354 5392 2420 3695 2792 6099 5515 9336 7831 6840 6093 247
31 8675 9974 4665 4558 378 8273 9684 9357 636 2272 7143 134 5999 4893 5180 7331 6176 9969 6091 186 8117 8241 1621 5378 6097 1445 3260 1713 4844 472 9721
14 6424 7451 9805 9251 9732 6104 2933 3198 995 5463 9533 8726 2322 5592
15 5245 315 3991 4016 9116 6809 8094 8996 9089 2104 8659 6047 991 9293 7433
14 6160 9544 1218 3554 8575 4171 2126 1768 8968 4337 869 7302 1699 562
5 7468 7671 8810 6230 4325
22 1866 6924 8346 3921 9477 660 4966 993 2360 9077 3085 7872 6880 6983 5484 1140 6080 3664 7783 20 1950 8789
33 3692 5744 8040 1503 7494 4986 2578 4888 1257 5770 4293 7542 4539 2089 2765 2850 4044 1317 668 162 4514 6557 2328 6278 5965 6653 7639 182 8313 2094 679 7836 7252
11 8578 2480 9341 1985 4588 4052 3488 1408 4695 325 5714
14 9121 7194 5568 544 8074 6543 1117 6791 5834 652 9059 3863 6311 6152
29 1993 7846 5541 35 4035 2482 4326 8243 8869 3146 7415 4784 2228 612 2882 9967 4890 7273 2274 1358 8812 5898 7736 5924 270 8923 5348 465 224
29 3239 8323 5507 3445 6985 7245 2802 546 1943 7234 2040 6683 8963 133 3494 2478 7653 6525 3888 1567 1648 198 1915 1126 6845 3780 8488 7899 5501
13 9901 3384 3017 9613 1381 884 2202 8197 4766 7989 579 2816 3388
27 7911 3160 4154 6749 3807 7364 6893 5400 9228 2760 4221 5670 9403 3389 6276 3736 2454 888 705 1812 5972 6330 6631 2286 2280 336 845
29 9411 8566 3426 5888 4587 9537 3530 5782 5725 6726 5163 9407 1767 3979 8779 3474 2789 9572 34 9522 2615 605 8931 6701 7705 1701 6853 2880 5857
26 1563 3325 6818 3906 2314 3155 9379 8540 7588 9919 851 8927 2038 9755 3186 7022 2194 7158 3162 1149 8251 6616 1003 9545 3402 4841
30 4882 5112 8382 1550 7628 8671 2665 9151 6907 6864 7727 3340 4992 9239 4912 6754 3473 6303 7328 5270 5927 2562 4222 7596 8723 4412 207 7869 4013 5020
28 5902 2426 7637 9562 9182 1587 2817 6946 6333 355 5073 4062 6888 256 4809 386 6117 4218 9663 7023 413 6343 5820 8972 8900 3229 7356 4156
27 7229 1973 4366 7414 2513 3946 7627 2534 4550 2739 2749 237 9001 2218 834 246 8707 2877 3243 5418 4295 5361 8168 4545 5596 9938 9430
14 4066 2106 4080 7444 9708 1096 8780 1484 5549 4820 2908 1938 6955 1173
32 6965 8449 7249 3938 2077 9761 2404 1211 3909 987 9000 8871 8450 2804 2241 6038 5548 414 4578 9958 9327 8930 2587 1486 9857 8757 4751 2258 1544 9895 424 3289
28 610 1635 4761 2382 8831 8259 9742 2453 2477 5481 3963 7647 7645 5210 4323 6863 3982 1719 6560 9295 9957 4524 7127 9280 911 8053 455 1652
15 7318 7357 1804 2036 8155 9127 3098 1110 7604 4302 959 8253 8332 4886 8908
22 2429 4223 3381 7962 5729 6869 7121 3725 4215 4498 2945 953 5010 1540 7973 526 6022 8333 9201 4018 1813 9532
30 6633 7082 9874 1777 8110 1294 9561 4355 377 2370 6619 5768 4906 1624 3101 8887 4674 4710 2022 4026 8733 8859 4672 750 2182 899 6981 3535 8862 7825
22 2278 7346 5250 7065 5317 1289 7354 6709 8738 7545 5916 123 1760 1089 5286 4808 4484 1579 2145 1174 7681 1425
17 2774 2928 8351 9289 607 3215 7043 2702 6056 3007 3854 3967 5444 2376 4402 8080 8594
19 9020 5654 1221 4657 753 5375 6956 9019 628 6732 9597 1877 54 7083 5030 8304 1092 2890 900
12 2418 8394 4517 1631 1187 6092 1336 8863 3427 7039 6626 7784
14 9291 3170 8157 497 4953 8951 3205 3624 7817 15 7796 9592 958 1000
30 9626 5510 8835 2856 1222 6196 7278 6279 7873 516 7726 9838 8334 4335 232 7549 870 2517 8852 5165 3730 6487 6046 7431 9417 4923 6978 4641 4640 6368
15 9187 9768 6255 4973 5650 7811 3623 8486 9073 8339 9361 2444 8917 8284 7061
20 8509 3029 6327 4869 9681 4786 2979 3867 2107 1799 9694 7231 4219 618 3137 7615 1956 7343 3313 1951
15 4586 9851 6536 2212 3809 2721 3000 4971 4963 4077 1333 8137 7393 5790 4795
4 4644 3539 4476 2563
9 2327 5332 3338 2989 5154 8344 7798 8181 8596
21 4098 5487 9744 6293 39 8413 2065 4105 6297 7754 9328 8258 1485 261 4166 6284 5956 5542 139 5022 9693
11 7227 3246 4994 9301 4691 955 4242 8327 3128 7002 2658
29 6694 328 3866 4003 9712 7912 2661 4724 3896 8014 5372 3295 2375 692 2829 2153 6785 126 450 9416 3805 2524 1026 9032 7997 6348 2839 4049 6051
24 219 3104 5562 2330 1203 3428 7286 5981 7879 7155 6105 3935 6612 1124 7240 9590 9931 2347 9147 4996 4041 8279 1645 4951
12 2176 3774 5570 2844 1730 1205 2318 2998 2298 8907 797 8036
23 1815 166 9890 8419 2181 1146 2088 8287 1370 7144 5490 2204 2879 3526 3715 4501 927 8372 4759 4399 8078 3458 6419
25 3008 1689 5017 483 9738 9375 1311 7150 3986 4840 9302 304 4982 8881 1610 4600 4542 7517 5555 755 9220 9792 8744 9484 5988
26 5222 5060 9631 2338 3502 2473 115 1521 5915 3997 8416 384 4144 3299 220 2255 7124 4342 3587 9016 7225 3844 5745 4599 7742 6127
26 8271 6851 7430 6474 2409 5830 5279 9478 2192 4892 4263 4942 7363 4915 6478 8997 1131 5618 4448 5940 5118 4735 9443 9635 6624 4592
28 9670 1852 8254 3840 611 348 643 2407 3851 4787 8502 8826 4085 5442 1337 1591 8246 9244 4571 6219 2068 1821 8893 9307 7667 6087 4799 6870
13 2944 8978 4299 4250 6538 8642 7425 8263 8075 4594 7614 3044 8563
16 6361 4352 8998 9992 3211 9240 4584 5941 5104 77 824 7486 1165 4936 7910 5067
16 3321 9021 1548 8961 4581 2705 281 2650 8242 7473 1990 1035 3792 3884 707 3259
19 3647 5384 2189 8475 6495 2047 9279 1851 632 6577 6187 3357 9432 1881 6153 8623 1576 2457 2914
24 8564 9191 5285 98 1667 9710 1250 6374 7629 1643 9303 3450 3547 9542 8415 3438 9966 7703 1426 9986 6509 7146 1378 5854
4 7716 8231 8969 6960
30 113 8629 3830 2992 2999 2585 6407 7693 9388 352 6179 365 2021 3699 9378 5360 5882 3628 4336 5277 5346 2379 6194 6411 4422 6535 6988 5895 5029 3569
30 6913 8792 6245 6615 4585 7162 7068 4244 1598 8928 395 6290 7547 6713 2955 809 6816 6697 528 3076 3296 9760 204 858 4737 8238 9942 6045 1923 5173
19 6607 5856 212 9735 7692 1565 1644 9288 3466 7712 8063 9376 4232 8218 2678 184 3956 3577 7482
25 3168 8073 8448 4020 2060 3435 3759 649 5465 2122 724 4821 6235 8545 2903 5850 9363 4252 8340 8162 6534 7244 2010 8797 4005
12 2313 9459 1 2554 731 195 5454 79 1086 868 4185 4348
16 1724 5746 1527 5602 761 6009 3729 3926 4926 954 7597 5048 7673 4978 9726 1088
19 5402 271 4349 511 1913 5241 990 23 3071 6668 5754 8663 5778 3417 5011 5110 9120 1829 3857
24 6900 2784 9944 3191 3112 4749 1968 6172 8956 5700 6898 624 2546 6897 3763 8049 3448 3074 6714 3801 1270 3705 6595 557
20 2507 5721 3833 5917 5263 3958 3482 106 7764 138 586 1861 8605 1961 1966 4446 5280 6918 626 7281
27 5343 9595 6125 7337 7211 6222 5452 7907 5101 9160 8446 122 4237 456 556 8335 8202 2237 8389 9063 8515 3987 3350 9747 7977 5415 3347
15 3667 2963 8588 7172 6173 46 5579 3657 4857 2346 5889 9067 390 131 5873
30 554 3459 2649 7193 6814 292 2044 9655 1779 3157 7407 6722 4669 527 6728 2506 3359 1604 7345 2183 2971 2029 334 5164 3100 2098 2697 7719 7410 5848
21 7088 3329 565 3966 8368 7901 9381 5550 3621 7383 1236 2416 3822 8781 9257 9648 8569 3633 2806 9005 8874
5 8587 3202 7813 9921 3733
30 6418 9691 6265 9654 7034 552 5622 1595 2906 7592 7045 5386 10 2710 171 2311 6802 7106 346 8977 8066 5354 3143 8680 7833 5150 5474 3652 1213 8210
25 9698 9087 3263 9625 2323 1762 6597 379 2439 3163 2144 7099 7921 4849 1171 4748 1241 6428 7955 5561 2005 7163 4530 1559 6185
11 8698 1100 428 7683 8071 2767 3492 4606 994 7649 9243
9 6780 2520 1313 4782 4065 2288 5272 6889 7182
13 6767 8426 7465 9483 7854 8946 4363 7917 5977 5439 9454 3275 7509
12 6044 8713 4980 640 2952 617 3513 5603 7805 6930 76 1159
27 4056 1625 1276 8856 6966 1352 1436 382 524 1396 484 5023 7351 5640 5421 7326 2871 3374 569 5151 9051 1616 1728 2968 5198 7214 2983
16 2531 9306 47 5756 9419 2696 3345 9975 5995 1561 4317 229 1093 2540 729 6300
30 3410 7319 8410 7277 5187 3190 6422 1062 7037 9441 3454 5314 433 6375 4919 4486 6130 3379 4521 1463 9086 6001 7670 4900 2759 3745 9184 1642 8622 8138
29 5881 3067 4863 5158 4450 8595 4552 3799 5534 2393 3710 9420 3894 11 6774 6339 1253 6999 1853 347 8255 2317 1749 6249 9608 6482 1573 3637 8377
14 1879 8774 3557 7152 4493 6251 7501 1199 7132 5216 2990 6332 5969 3755
7 8086 6377 5475 1292 547 3234 6610
21 8189 5500 6836 4410 2600 5344 6491 5356 4206 8103 4642 2901 5411 9779 1420 453 6556 4235 2177 8019 5449
26 2828 5698 4673 6316 8187 8037 8652 2108 5009 9729 7334 249 1519 4970 7583 5589 1533 6640 1049 8358 407 4896 4434 51 6968 1015
19 1794 2915 326 6563 4704 1487 3393 7761 3895 8562 6157 7164 4217 9428 2567 9358 641 2055 8942
24 7849 4170 3462 5892 6119 6133 8860 8164 485 1051 6680 4330 9113 9547 9185 5919 3864 7089 3084 5726 192 1868 0 5953
12 394 3849 1223 2934 3433 9897 8782 4561 5041 1461 8693 1555
19 6269 3424 435 7787 3701 7479 4331 3531 9248 7564 550 2086 4121 1551 3045 6282 4874 5985 231
30 6843 7677 6711 8766 6398 9678 159 1098 397 2885 8988 1875 9722 3501 1681 5565 6798 7179 6590 8495 6486 8643 8172 3094 7919 2811 7593 7669 5203 437
29 5027 8277 2904 9951 2140 4485 5170 1475 9031 3811 65 1255 7288 3011 7353 357 6167 8842 7272 2063 5912 5328 87 2392 6477 2152 9775 9771 3571
19 7709 8979 5920 3022 7246 9068 3122 6197 1785 7359 7995 9787 301 790 5035 5631 58 2625 2862
29 7188 8715 3512 9042 9065 9972 4636 9624 8603 1428 5004 3447 946 3387 3081 6431 8180 6440 7589 466 637 2643 5148 7303 6569 9215 1001 749 9281
28 1332 3891 5516 3058 3789 7548 6805 6832 5070 698 8031 8299 3841 213 3813 2584 1450 9835 5085 9174 4707 7752 2002 411 3109 6035 7733 8154
11 4475 2422 3490 7690 1647 4880 156 6659 8316 280 9287
16 7064 4455 1640 1723 6825 7933 3793 7613 101 5936 6057 3688 4778 9178 9956 9887
21 8213 499 9754 396 1686 928 9110 1786 3684 4612 7897 2097 2655 8240 3041 6401 6690 828 737 4908 2618
21 6912 2132 1179 3062 2557 3940 509 3293 5094 6511 9699 5028 9783 4030 4614 1350 7251 143 2961 392 1084
30 8787 2742 9830 7323 895 6272 2187 2924 8062 4353 1791 7987 3610 5262 8177 8748 8750 4597 3960 8651 2772 8944 8769 4447 4174 7950 5735 5147 7460 2253
28 3697 2293 5757 5668 7922 1355 1746 4213 3798 3790 2846 7949 5306 5391 7016 7718 6733 8498 8417 1321 4548 6217 926 7261 9577 3218 770 913
22 4536 3572 7666 1508 4481 141 6062 1872 4824 255 6622 7130 7749 7538 7652 909 6522 4322 6432 6524 3063 9910
31 6656 4200 7255 6842 9135 8555 9570 3746 715 5074 5256 6699 6085 4378 3182 889 5482 5607 5448 4529 4603 7582 7126 6229 9124 7423 1607 6685 1115 1341 2664
